0 verbose cli /usr/local/bin/node /usr/local/lib/node_modules/npm/bin/npm-cli.js
1 info using npm@10.9.2
2 info using node@v22.17.0
3 silly config load:file:/usr/local/lib/node_modules/npm/npmrc
4 silly config load:file:/Users/takayukisuzuki/VYPER JAPAN Dropbox/Suzuki Takayuki/VYPER-Dev/pilates-booking/.npmrc
5 silly config load:file:/Users/takayukisuzuki/.npmrc
6 silly config load:file:/Users/takayukisuzuki/.npm-global/etc/npmrc
7 verbose title npm exec vercel --prod --yes
8 verbose argv "exec" "--" "vercel" "--prod" "--yes"
9 verbose logfile logs-max:10 dir:/Users/takayukisuzuki/VYPER JAPAN Dropbox/Suzuki Takayuki/VYPER-Dev/pilates-booking/.npm-cache/_logs/2026-02-20T22_23_36_002Z-
10 verbose logfile /Users/takayukisuzuki/VYPER JAPAN Dropbox/Suzuki Takayuki/VYPER-Dev/pilates-booking/.npm-cache/_logs/2026-02-20T22_23_36_002Z-debug-0.log
11 silly logfile done cleaning log files
12 silly packumentCache heap:4345298944 maxSize:1086324736 maxEntrySize:543162368
13 verbose shrinkwrap failed to load node_modules/.package-lock.json out of date, updated: node_modules
14 http fetch GET 200 https://registry.npmjs.org/vercel 330ms (cache revalidated)
15 silly packumentCache heap:4345298944 maxSize:1086324736 maxEntrySize:543162368
16 silly packumentCache heap:4345298944 maxSize:1086324736 maxEntrySize:543162368
17 verbose cwd /Users/takayukisuzuki/VYPER JAPAN Dropbox/Suzuki Takayuki/VYPER-Dev/pilates-booking
18 verbose os Darwin 24.6.0
19 verbose node v22.17.0
20 verbose npm  v10.9.2
21 verbose exit 1
22 verbose code 1
